<?xml version="1.0" encoding="UTF-8"?>
<testsuite xmlns:xsi="http://www.w3.org/2001/XMLSchema-instance" xsi:noNamespaceSchemaLocation="https://maven.apache.org/surefire/maven-surefire-plugin/xsd/surefire-test-report-3.0.xsd" version="3.0" name="edu.brown.cs.student.main.TestAPIUtilities" time="1.041" tests="18" errors="0" skipped="0" failures="0">
  <properties>
[...]
</properties>
  <testcase name="testViewSuccessSerialize" classname="edu.brown.cs.student.main.TestAPIUtilities" time="0"/>
  <testcase name="testRoundEndpointURLFromCoords" classname="edu.brown.cs.student.main.TestAPIUtilities" time="0"/>
  <testcase name="testWeatherFailureSerialize" classname="edu.brown.cs.student.main.TestAPIUtilities" time="0"/>
  <testcase name="testFromJsonForecast" classname="edu.brown.cs.student.main.TestAPIUtilities" time="0.002"/>
  <testcase name="testFromJsonForecastURL" classname="edu.brown.cs.student.main.TestAPIUtilities" time="0"/>
  <testcase name="testEndpointURLFromCoords" classname="edu.brown.cs.student.main.TestAPIUtilities" time="0.001"/>
  <testcase name="testLoadFailureSerialize" classname="edu.brown.cs.student.main.TestAPIUtilities" time="0"/>
  <testcase name="testWeatherProxyExpiry" classname="edu.brown.cs.student.main.TestAPIUtilities" time="1.007">
    <system-out><![CDATA[CacheStats{hitCount=0, missCount=1, loadSuccessCount=1, loadExceptionCount=0, totalLoadTime=1444917, evictionCount=0}
]]></system-out>
  </testcase>
  <testcase name="testGetWeatherResponse" classname="edu.brown.cs.student.main.TestAPIUtilities" time="0.004"/>
  <testcase name="testSearchFailureSerialize" classname="edu.brown.cs.student.main.TestAPIUtilities" time="0.002"/>
  <testcase name="testWeatherSuccessSerialize" classname="edu.brown.cs.student.main.TestAPIUtilities" time="0.002"/>
  <testcase name="testWeatherProxyCacheClose" classname="edu.brown.cs.student.main.TestAPIUtilities" time="0.008">
    <system-out><![CDATA[CacheStats{hitCount=0, missCount=1, loadSuccessCount=1, loadExceptionCount=0, totalLoadTime=1676208, evictionCount=0}
CacheStats{hitCount=1, missCount=1, loadSuccessCount=1, loadExceptionCount=0, totalLoadTime=1676208, evictionCount=0}
]]></system-out>
  </testcase>
  <testcase name="testWeatherProxyCacheIdentical" classname="edu.brown.cs.student.main.TestAPIUtilities" time="0.001">
    <system-out><![CDATA[CacheStats{hitCount=0, missCount=1, loadSuccessCount=1, loadExceptionCount=0, totalLoadTime=1399958, evictionCount=0}
CacheStats{hitCount=1, missCount=1, loadSuccessCount=1, loadExceptionCount=0, totalLoadTime=1399958, evictionCount=0}
]]></system-out>
  </testcase>
  <testcase name="testLoadSuccessSerialize" classname="edu.brown.cs.student.main.TestAPIUtilities" time="0"/>
  <testcase name="testSearchSuccessSerialize" classname="edu.brown.cs.student.main.TestAPIUtilities" time="0.006"/>
  <testcase name="testViewFailureSerialize" classname="edu.brown.cs.student.main.TestAPIUtilities" time="0.001"/>
  <testcase name="testStringFromReader" classname="edu.brown.cs.student.main.TestAPIUtilities" time="0.001"/>
  <testcase name="testGetClosestNotFound" classname="edu.brown.cs.student.main.TestAPIUtilities" time="0"/>
</testsuite>